<?xml version="1.0" encoding="UTF-8"?>
<!-- Generated by org.testng.reporters.JUnitReportReporter -->
<testsuite hostname="DESKTOP-6GV539L" failures="0" tests="1" name="mavenforjenkins2.mavenforjenkins2.UITest" time="8.071" errors="0" timestamp="2022-06-01T09:38:58 IST" skipped="0">
  <testcase classname="mavenforjenkins2.mavenforjenkins2.UITest" name="startBrowser" time="8.071"/>
  <system-out/>
</testsuite> <!-- mavenforjenkins2.mavenforjenkins2.UITest -->
